\BOOKMARK [0][-]{chapter.1}{\376\377\0001\000\040\000H\000i\000e\000r\000a\000r\000c\000h\000i\000c\000a\000l\000\040\000I\000n\000d\000e\000x}{}% 1
\BOOKMARK [1][-]{section.1.1}{\376\377\0001\000.\0001\000\040\000C\000l\000a\000s\000s\000\040\000H\000i\000e\000r\000a\000r\000c\000h\000y}{chapter.1}% 2
\BOOKMARK [0][-]{chapter.2}{\376\377\0002\000\040\000C\000l\000a\000s\000s\000\040\000I\000n\000d\000e\000x}{}% 3
\BOOKMARK [1][-]{section.2.1}{\376\377\0002\000.\0001\000\040\000C\000l\000a\000s\000s\000\040\000L\000i\000s\000t}{chapter.2}% 4
\BOOKMARK [0][-]{chapter.3}{\376\377\0003\000\040\000F\000i\000l\000e\000\040\000I\000n\000d\000e\000x}{}% 5
\BOOKMARK [1][-]{section.3.1}{\376\377\0003\000.\0001\000\040\000F\000i\000l\000e\000\040\000L\000i\000s\000t}{chapter.3}% 6
\BOOKMARK [0][-]{chapter.4}{\376\377\0004\000\040\000C\000l\000a\000s\000s\000\040\000D\000o\000c\000u\000m\000e\000n\000t\000a\000t\000i\000o\000n}{}% 7
\BOOKMARK [1][-]{section.4.1}{\376\377\0004\000.\0001\000\040\000B\000o\000x\000A\000r\000e\000a\000\040\000C\000l\000a\000s\000s\000\040\000R\000e\000f\000e\000r\000e\000n\000c\000e}{chapter.4}% 8
\BOOKMARK [2][-]{subsection.4.1.1}{\376\377\0004\000.\0001\000.\0001\000\040\000D\000e\000t\000a\000i\000l\000e\000d\000\040\000D\000e\000s\000c\000r\000i\000p\000t\000i\000o\000n}{section.4.1}% 9
\BOOKMARK [2][-]{subsection.4.1.2}{\376\377\0004\000.\0001\000.\0002\000\040\000M\000e\000m\000b\000e\000r\000\040\000F\000u\000n\000c\000t\000i\000o\000n\000\040\000D\000o\000c\000u\000m\000e\000n\000t\000a\000t\000i\000o\000n}{section.4.1}% 10
\BOOKMARK [3][-]{subsubsection.4.1.2.1}{\376\377\0004\000.\0001\000.\0002\000.\0001\000\040\000i\000s\000\137\000i\000n\000\050\000\051}{subsection.4.1.2}% 11
\BOOKMARK [1][-]{section.4.2}{\376\377\0004\000.\0002\000\040\000d\000i\000m\000e\000n\000s\000i\000o\000n\000a\000l\000\137\000l\000i\000m\000i\000t\000s\000\040\000S\000t\000r\000u\000c\000t\000\040\000R\000e\000f\000e\000r\000e\000n\000c\000e}{chapter.4}% 12
\BOOKMARK [2][-]{subsection.4.2.1}{\376\377\0004\000.\0002\000.\0001\000\040\000D\000e\000t\000a\000i\000l\000e\000d\000\040\000D\000e\000s\000c\000r\000i\000p\000t\000i\000o\000n}{section.4.2}% 13
\BOOKMARK [1][-]{section.4.3}{\376\377\0004\000.\0003\000\040\000F\000u\000n\000c\000t\000i\000o\000n\000\040\000C\000l\000a\000s\000s\000\040\000R\000e\000f\000e\000r\000e\000n\000c\000e}{chapter.4}% 14
\BOOKMARK [2][-]{subsection.4.3.1}{\376\377\0004\000.\0003\000.\0001\000\040\000D\000e\000t\000a\000i\000l\000e\000d\000\040\000D\000e\000s\000c\000r\000i\000p\000t\000i\000o\000n}{section.4.3}% 15
\BOOKMARK [2][-]{subsection.4.3.2}{\376\377\0004\000.\0003\000.\0002\000\040\000M\000e\000m\000b\000e\000r\000\040\000F\000u\000n\000c\000t\000i\000o\000n\000\040\000D\000o\000c\000u\000m\000e\000n\000t\000a\000t\000i\000o\000n}{section.4.3}% 16
\BOOKMARK [3][-]{subsubsection.4.3.2.1}{\376\377\0004\000.\0003\000.\0002\000.\0001\000\040\000o\000p\000e\000r\000a\000t\000o\000r\000\050\000\051\000\050\000\051}{subsection.4.3.2}% 17
\BOOKMARK [1][-]{section.4.4}{\376\377\0004\000.\0004\000\040\000G\000D\000O\000p\000t\000I\000n\000f\000o\000\040\000C\000l\000a\000s\000s\000\040\000R\000e\000f\000e\000r\000e\000n\000c\000e}{chapter.4}% 18
\BOOKMARK [2][-]{subsection.4.4.1}{\376\377\0004\000.\0004\000.\0001\000\040\000D\000e\000t\000a\000i\000l\000e\000d\000\040\000D\000e\000s\000c\000r\000i\000p\000t\000i\000o\000n}{section.4.4}% 19
\BOOKMARK [1][-]{section.4.5}{\376\377\0004\000.\0005\000\040\000G\000r\000a\000d\000i\000e\000n\000t\000D\000e\000s\000c\000e\000n\000t\000\040\000C\000l\000a\000s\000s\000\040\000R\000e\000f\000e\000r\000e\000n\000c\000e}{chapter.4}% 20
\BOOKMARK [2][-]{subsection.4.5.1}{\376\377\0004\000.\0005\000.\0001\000\040\000D\000e\000t\000a\000i\000l\000e\000d\000\040\000D\000e\000s\000c\000r\000i\000p\000t\000i\000o\000n}{section.4.5}% 21
\BOOKMARK [2][-]{subsection.4.5.2}{\376\377\0004\000.\0005\000.\0002\000\040\000C\000o\000n\000s\000t\000r\000u\000c\000t\000o\000r\000\040\000\046\000\040\000D\000e\000s\000t\000r\000u\000c\000t\000o\000r\000\040\000D\000o\000c\000u\000m\000e\000n\000t\000a\000t\000i\000o\000n}{section.4.5}% 22
\BOOKMARK [3][-]{subsubsection.4.5.2.1}{\376\377\0004\000.\0005\000.\0002\000.\0001\000\040\000\040\000G\000r\000a\000d\000i\000e\000n\000t\000D\000e\000s\000c\000e\000n\000t\000\050\000\051}{subsection.4.5.2}% 23
\BOOKMARK [2][-]{subsection.4.5.3}{\376\377\0004\000.\0005\000.\0003\000\040\000M\000e\000m\000b\000e\000r\000\040\000F\000u\000n\000c\000t\000i\000o\000n\000\040\000D\000o\000c\000u\000m\000e\000n\000t\000a\000t\000i\000o\000n}{section.4.5}% 24
\BOOKMARK [3][-]{subsubsection.4.5.3.1}{\376\377\0004\000.\0005\000.\0003\000.\0001\000\040\000g\000e\000t\000\137\000o\000p\000t\000\137\000i\000n\000f\000o\000\050\000\051}{subsection.4.5.3}% 25
\BOOKMARK [3][-]{subsubsection.4.5.3.2}{\376\377\0004\000.\0005\000.\0003\000.\0002\000\040\000m\000a\000k\000e\000\137\000s\000t\000e\000p\000\050\000\051}{subsection.4.5.3}% 26
\BOOKMARK [3][-]{subsubsection.4.5.3.3}{\376\377\0004\000.\0005\000.\0003\000.\0003\000\040\000o\000p\000t\000i\000m\000i\000z\000e\000\050\000\051}{subsection.4.5.3}% 27
\BOOKMARK [1][-]{section.4.6}{\376\377\0004\000.\0006\000\040\000I\000t\000e\000r\000A\000f\000t\000e\000r\000I\000m\000p\000S\000S\000C\000\040\000C\000l\000a\000s\000s\000\040\000R\000e\000f\000e\000r\000e\000n\000c\000e}{chapter.4}% 28
\BOOKMARK [2][-]{subsection.4.6.1}{\376\377\0004\000.\0006\000.\0001\000\040\000D\000e\000t\000a\000i\000l\000e\000d\000\040\000D\000e\000s\000c\000r\000i\000p\000t\000i\000o\000n}{section.4.6}% 29
\BOOKMARK [2][-]{subsection.4.6.2}{\376\377\0004\000.\0006\000.\0002\000\040\000M\000e\000m\000b\000e\000r\000\040\000F\000u\000n\000c\000t\000i\000o\000n\000\040\000D\000o\000c\000u\000m\000e\000n\000t\000a\000t\000i\000o\000n}{section.4.6}% 30
\BOOKMARK [3][-]{subsubsection.4.6.2.1}{\376\377\0004\000.\0006\000.\0002\000.\0001\000\040\000c\000r\000i\000t\000e\000r\000i\000o\000n\000\050\000\051}{subsection.4.6.2}% 31
\BOOKMARK [1][-]{section.4.7}{\376\377\0004\000.\0007\000\040\000I\000t\000e\000r\000O\000n\000l\000y\000S\000S\000C\000\040\000C\000l\000a\000s\000s\000\040\000R\000e\000f\000e\000r\000e\000n\000c\000e}{chapter.4}% 32
\BOOKMARK [2][-]{subsection.4.7.1}{\376\377\0004\000.\0007\000.\0001\000\040\000D\000e\000t\000a\000i\000l\000e\000d\000\040\000D\000e\000s\000c\000r\000i\000p\000t\000i\000o\000n}{section.4.7}% 33
\BOOKMARK [2][-]{subsection.4.7.2}{\376\377\0004\000.\0007\000.\0002\000\040\000M\000e\000m\000b\000e\000r\000\040\000F\000u\000n\000c\000t\000i\000o\000n\000\040\000D\000o\000c\000u\000m\000e\000n\000t\000a\000t\000i\000o\000n}{section.4.7}% 34
\BOOKMARK [3][-]{subsubsection.4.7.2.1}{\376\377\0004\000.\0007\000.\0002\000.\0001\000\040\000c\000r\000i\000t\000e\000r\000i\000o\000n\000\050\000\051}{subsection.4.7.2}% 35
\BOOKMARK [1][-]{section.4.8}{\376\377\0004\000.\0008\000\040\000M\000D\000F\000u\000n\000c\000t\000i\000o\000n\000\040\000C\000l\000a\000s\000s\000\040\000R\000e\000f\000e\000r\000e\000n\000c\000e}{chapter.4}% 36
\BOOKMARK [2][-]{subsection.4.8.1}{\376\377\0004\000.\0008\000.\0001\000\040\000D\000e\000t\000a\000i\000l\000e\000d\000\040\000D\000e\000s\000c\000r\000i\000p\000t\000i\000o\000n}{section.4.8}% 37
\BOOKMARK [2][-]{subsection.4.8.2}{\376\377\0004\000.\0008\000.\0002\000\040\000M\000e\000m\000b\000e\000r\000\040\000F\000u\000n\000c\000t\000i\000o\000n\000\040\000D\000o\000c\000u\000m\000e\000n\000t\000a\000t\000i\000o\000n}{section.4.8}% 38
\BOOKMARK [3][-]{subsubsection.4.8.2.1}{\376\377\0004\000.\0008\000.\0002\000.\0001\000\040\000o\000p\000e\000r\000a\000t\000o\000r\000\050\000\051\000\050\000\051}{subsection.4.8.2}% 39
\BOOKMARK [1][-]{section.4.9}{\376\377\0004\000.\0009\000\040\000M\000i\000n\000G\000r\000a\000d\000N\000o\000r\000m\000G\000D\000S\000C\000\040\000C\000l\000a\000s\000s\000\040\000R\000e\000f\000e\000r\000e\000n\000c\000e}{chapter.4}% 40
\BOOKMARK [2][-]{subsection.4.9.1}{\376\377\0004\000.\0009\000.\0001\000\040\000D\000e\000t\000a\000i\000l\000e\000d\000\040\000D\000e\000s\000c\000r\000i\000p\000t\000i\000o\000n}{section.4.9}% 41
\BOOKMARK [2][-]{subsection.4.9.2}{\376\377\0004\000.\0009\000.\0002\000\040\000M\000e\000m\000b\000e\000r\000\040\000F\000u\000n\000c\000t\000i\000o\000n\000\040\000D\000o\000c\000u\000m\000e\000n\000t\000a\000t\000i\000o\000n}{section.4.9}% 42
\BOOKMARK [3][-]{subsubsection.4.9.2.1}{\376\377\0004\000.\0009\000.\0002\000.\0001\000\040\000c\000r\000i\000t\000e\000r\000i\000o\000n\000\050\000\051}{subsection.4.9.2}% 43
\BOOKMARK [1][-]{section.4.10}{\376\377\0004\000.\0001\0000\000\040\000M\000i\000n\000R\000e\000l\000I\000m\000p\000N\000o\000r\000m\000G\000D\000S\000C\000\040\000C\000l\000a\000s\000s\000\040\000R\000e\000f\000e\000r\000e\000n\000c\000e}{chapter.4}% 44
\BOOKMARK [2][-]{subsection.4.10.1}{\376\377\0004\000.\0001\0000\000.\0001\000\040\000D\000e\000t\000a\000i\000l\000e\000d\000\040\000D\000e\000s\000c\000r\000i\000p\000t\000i\000o\000n}{section.4.10}% 45
\BOOKMARK [2][-]{subsection.4.10.2}{\376\377\0004\000.\0001\0000\000.\0002\000\040\000M\000e\000m\000b\000e\000r\000\040\000F\000u\000n\000c\000t\000i\000o\000n\000\040\000D\000o\000c\000u\000m\000e\000n\000t\000a\000t\000i\000o\000n}{section.4.10}% 46
\BOOKMARK [3][-]{subsubsection.4.10.2.1}{\376\377\0004\000.\0001\0000\000.\0002\000.\0001\000\040\000c\000r\000i\000t\000e\000r\000i\000o\000n\000\050\000\051}{subsection.4.10.2}% 47
\BOOKMARK [1][-]{section.4.11}{\376\377\0004\000.\0001\0001\000\040\000M\000i\000n\000S\000t\000e\000p\000N\000o\000r\000m\000G\000D\000S\000C\000\040\000C\000l\000a\000s\000s\000\040\000R\000e\000f\000e\000r\000e\000n\000c\000e}{chapter.4}% 48
\BOOKMARK [2][-]{subsection.4.11.1}{\376\377\0004\000.\0001\0001\000.\0001\000\040\000D\000e\000t\000a\000i\000l\000e\000d\000\040\000D\000e\000s\000c\000r\000i\000p\000t\000i\000o\000n}{section.4.11}% 49
\BOOKMARK [2][-]{subsection.4.11.2}{\376\377\0004\000.\0001\0001\000.\0002\000\040\000M\000e\000m\000b\000e\000r\000\040\000F\000u\000n\000c\000t\000i\000o\000n\000\040\000D\000o\000c\000u\000m\000e\000n\000t\000a\000t\000i\000o\000n}{section.4.11}% 50
\BOOKMARK [3][-]{subsubsection.4.11.2.1}{\376\377\0004\000.\0001\0001\000.\0002\000.\0001\000\040\000c\000r\000i\000t\000e\000r\000i\000o\000n\000\050\000\051}{subsection.4.11.2}% 51
\BOOKMARK [1][-]{section.4.12}{\376\377\0004\000.\0001\0002\000\040\000N\000o\000r\000m\000D\000i\000f\000f\000S\000S\000C\000\040\000C\000l\000a\000s\000s\000\040\000R\000e\000f\000e\000r\000e\000n\000c\000e}{chapter.4}% 52
\BOOKMARK [2][-]{subsection.4.12.1}{\376\377\0004\000.\0001\0002\000.\0001\000\040\000D\000e\000t\000a\000i\000l\000e\000d\000\040\000D\000e\000s\000c\000r\000i\000p\000t\000i\000o\000n}{section.4.12}% 53
\BOOKMARK [2][-]{subsection.4.12.2}{\376\377\0004\000.\0001\0002\000.\0002\000\040\000M\000e\000m\000b\000e\000r\000\040\000F\000u\000n\000c\000t\000i\000o\000n\000\040\000D\000o\000c\000u\000m\000e\000n\000t\000a\000t\000i\000o\000n}{section.4.12}% 54
\BOOKMARK [3][-]{subsubsection.4.12.2.1}{\376\377\0004\000.\0001\0002\000.\0002\000.\0001\000\040\000c\000r\000i\000t\000e\000r\000i\000o\000n\000\050\000\051}{subsection.4.12.2}% 55
\BOOKMARK [1][-]{section.4.13}{\376\377\0004\000.\0001\0003\000\040\000O\000p\000t\000i\000m\000i\000z\000a\000t\000i\000o\000n\000M\000e\000t\000h\000o\000d\000\040\000C\000l\000a\000s\000s\000\040\000R\000e\000f\000e\000r\000e\000n\000c\000e}{chapter.4}% 56
\BOOKMARK [2][-]{subsection.4.13.1}{\376\377\0004\000.\0001\0003\000.\0001\000\040\000D\000e\000t\000a\000i\000l\000e\000d\000\040\000D\000e\000s\000c\000r\000i\000p\000t\000i\000o\000n}{section.4.13}% 57
\BOOKMARK [2][-]{subsection.4.13.2}{\376\377\0004\000.\0001\0003\000.\0002\000\040\000M\000e\000m\000b\000e\000r\000\040\000F\000u\000n\000c\000t\000i\000o\000n\000\040\000D\000o\000c\000u\000m\000e\000n\000t\000a\000t\000i\000o\000n}{section.4.13}% 58
\BOOKMARK [3][-]{subsubsection.4.13.2.1}{\376\377\0004\000.\0001\0003\000.\0002\000.\0001\000\040\000m\000a\000k\000e\000\137\000s\000t\000e\000p\000\050\000\051}{subsection.4.13.2}% 59
\BOOKMARK [3][-]{subsubsection.4.13.2.2}{\376\377\0004\000.\0001\0003\000.\0002\000.\0002\000\040\000o\000p\000t\000i\000m\000i\000z\000e\000\050\000\051}{subsection.4.13.2}% 60
\BOOKMARK [1][-]{section.4.14}{\376\377\0004\000.\0001\0004\000\040\000O\000p\000t\000I\000n\000f\000o\000\040\000C\000l\000a\000s\000s\000\040\000R\000e\000f\000e\000r\000e\000n\000c\000e}{chapter.4}% 61
\BOOKMARK [2][-]{subsection.4.14.1}{\376\377\0004\000.\0001\0004\000.\0001\000\040\000D\000e\000t\000a\000i\000l\000e\000d\000\040\000D\000e\000s\000c\000r\000i\000p\000t\000i\000o\000n}{section.4.14}% 62
\BOOKMARK [1][-]{section.4.15}{\376\377\0004\000.\0001\0005\000\040\000O\000p\000t\000R\000e\000s\000u\000l\000t\000\040\000C\000l\000a\000s\000s\000\040\000R\000e\000f\000e\000r\000e\000n\000c\000e}{chapter.4}% 63
\BOOKMARK [2][-]{subsection.4.15.1}{\376\377\0004\000.\0001\0005\000.\0001\000\040\000D\000e\000t\000a\000i\000l\000e\000d\000\040\000D\000e\000s\000c\000r\000i\000p\000t\000i\000o\000n}{section.4.15}% 64
\BOOKMARK [1][-]{section.4.16}{\376\377\0004\000.\0001\0006\000\040\000S\000t\000o\000h\000a\000s\000t\000i\000c\000O\000p\000t\000i\000m\000i\000z\000a\000t\000i\000o\000n\000\040\000C\000l\000a\000s\000s\000\040\000R\000e\000f\000e\000r\000e\000n\000c\000e}{chapter.4}% 65
\BOOKMARK [2][-]{subsection.4.16.1}{\376\377\0004\000.\0001\0006\000.\0001\000\040\000D\000e\000t\000a\000i\000l\000e\000d\000\040\000D\000e\000s\000c\000r\000i\000p\000t\000i\000o\000n}{section.4.16}% 66
\BOOKMARK [2][-]{subsection.4.16.2}{\376\377\0004\000.\0001\0006\000.\0002\000\040\000M\000e\000m\000b\000e\000r\000\040\000F\000u\000n\000c\000t\000i\000o\000n\000\040\000D\000o\000c\000u\000m\000e\000n\000t\000a\000t\000i\000o\000n}{section.4.16}% 67
\BOOKMARK [3][-]{subsubsection.4.16.2.1}{\376\377\0004\000.\0001\0006\000.\0002\000.\0001\000\040\000g\000e\000t\000\137\000o\000p\000t\000\137\000i\000n\000f\000o\000\050\000\051}{subsection.4.16.2}% 68
\BOOKMARK [3][-]{subsubsection.4.16.2.2}{\376\377\0004\000.\0001\0006\000.\0002\000.\0002\000\040\000m\000a\000k\000e\000\137\000s\000t\000e\000p\000\050\000\051}{subsection.4.16.2}% 69
\BOOKMARK [3][-]{subsubsection.4.16.2.3}{\376\377\0004\000.\0001\0006\000.\0002\000.\0003\000\040\000o\000p\000t\000i\000m\000i\000z\000e\000\050\000\051}{subsection.4.16.2}% 70
\BOOKMARK [1][-]{section.4.17}{\376\377\0004\000.\0001\0007\000\040\000S\000t\000o\000h\000O\000p\000t\000I\000n\000f\000o\000\040\000C\000l\000a\000s\000s\000\040\000R\000e\000f\000e\000r\000e\000n\000c\000e}{chapter.4}% 71
\BOOKMARK [2][-]{subsection.4.17.1}{\376\377\0004\000.\0001\0007\000.\0001\000\040\000D\000e\000t\000a\000i\000l\000e\000d\000\040\000D\000e\000s\000c\000r\000i\000p\000t\000i\000o\000n}{section.4.17}% 72
\BOOKMARK [1][-]{section.4.18}{\376\377\0004\000.\0001\0008\000\040\000S\000t\000o\000p\000C\000r\000i\000t\000e\000r\000i\000o\000n\000\040\000C\000l\000a\000s\000s\000\040\000R\000e\000f\000e\000r\000e\000n\000c\000e}{chapter.4}% 73
\BOOKMARK [2][-]{subsection.4.18.1}{\376\377\0004\000.\0001\0008\000.\0001\000\040\000D\000e\000t\000a\000i\000l\000e\000d\000\040\000D\000e\000s\000c\000r\000i\000p\000t\000i\000o\000n}{section.4.18}% 74
\BOOKMARK [2][-]{subsection.4.18.2}{\376\377\0004\000.\0001\0008\000.\0002\000\040\000M\000e\000m\000b\000e\000r\000\040\000F\000u\000n\000c\000t\000i\000o\000n\000\040\000D\000o\000c\000u\000m\000e\000n\000t\000a\000t\000i\000o\000n}{section.4.18}% 75
\BOOKMARK [3][-]{subsubsection.4.18.2.1}{\376\377\0004\000.\0001\0008\000.\0002\000.\0001\000\040\000c\000r\000i\000t\000e\000r\000i\000o\000n\000\050\000\051}{subsection.4.18.2}% 76
\BOOKMARK [3][-]{subsubsection.4.18.2.2}{\376\377\0004\000.\0001\0008\000.\0002\000.\0002\000\040\000o\000p\000e\000r\000a\000t\000o\000r\000\050\000\051\000\050\000\051}{subsection.4.18.2}% 77
\BOOKMARK [0][-]{chapter.5}{\376\377\0005\000\040\000F\000i\000l\000e\000\040\000D\000o\000c\000u\000m\000e\000n\000t\000a\000t\000i\000o\000n}{}% 78
\BOOKMARK [1][-]{section.5.1}{\376\377\0005\000.\0001\000\040\000B\000o\000x\000A\000r\000e\000a\000.\000h}{chapter.5}% 79
\BOOKMARK [1][-]{section.5.2}{\376\377\0005\000.\0002\000\040\000F\000u\000n\000c\000t\000i\000o\000n\000.\000h}{chapter.5}% 80
\BOOKMARK [1][-]{section.5.3}{\376\377\0005\000.\0003\000\040\000G\000D\000O\000p\000t\000I\000n\000f\000o\000.\000h}{chapter.5}% 81
\BOOKMARK [1][-]{section.5.4}{\376\377\0005\000.\0004\000\040\000G\000r\000a\000d\000i\000e\000n\000t\000D\000e\000s\000c\000e\000n\000t\000.\000h}{chapter.5}% 82
\BOOKMARK [1][-]{section.5.5}{\376\377\0005\000.\0005\000\040\000I\000t\000e\000r\000A\000f\000t\000e\000r\000I\000m\000p\000S\000S\000C\000.\000h}{chapter.5}% 83
\BOOKMARK [1][-]{section.5.6}{\376\377\0005\000.\0006\000\040\000I\000t\000e\000r\000O\000n\000l\000y\000S\000S\000C\000.\000h}{chapter.5}% 84
\BOOKMARK [1][-]{section.5.7}{\376\377\0005\000.\0007\000\040\000M\000D\000F\000u\000n\000c\000t\000i\000o\000n\000.\000h}{chapter.5}% 85
\BOOKMARK [1][-]{section.5.8}{\376\377\0005\000.\0008\000\040\000M\000i\000n\000G\000r\000a\000d\000N\000o\000r\000m\000G\000D\000S\000C\000.\000h}{chapter.5}% 86
\BOOKMARK [1][-]{section.5.9}{\376\377\0005\000.\0009\000\040\000M\000i\000n\000R\000e\000l\000I\000m\000p\000N\000o\000r\000m\000G\000D\000S\000C\000.\000h}{chapter.5}% 87
\BOOKMARK [1][-]{section.5.10}{\376\377\0005\000.\0001\0000\000\040\000M\000i\000n\000S\000t\000e\000p\000N\000o\000r\000m\000G\000D\000S\000C\000.\000h}{chapter.5}% 88
\BOOKMARK [1][-]{section.5.11}{\376\377\0005\000.\0001\0001\000\040\000N\000o\000r\000m\000D\000i\000f\000f\000S\000S\000C\000.\000h}{chapter.5}% 89
\BOOKMARK [1][-]{section.5.12}{\376\377\0005\000.\0001\0002\000\040\000O\000p\000t\000i\000m\000i\000z\000a\000t\000i\000o\000n\000M\000e\000t\000h\000o\000d\000.\000h}{chapter.5}% 90
\BOOKMARK [1][-]{section.5.13}{\376\377\0005\000.\0001\0003\000\040\000O\000p\000t\000I\000n\000f\000o\000.\000h}{chapter.5}% 91
\BOOKMARK [1][-]{section.5.14}{\376\377\0005\000.\0001\0004\000\040\000O\000p\000t\000R\000e\000s\000u\000l\000t\000.\000h}{chapter.5}% 92
\BOOKMARK [1][-]{section.5.15}{\376\377\0005\000.\0001\0005\000\040\000S\000t\000o\000h\000a\000s\000t\000i\000c\000O\000p\000t\000i\000m\000i\000z\000a\000t\000i\000o\000n\000.\000h}{chapter.5}% 93
\BOOKMARK [1][-]{section.5.16}{\376\377\0005\000.\0001\0006\000\040\000S\000t\000o\000h\000O\000p\000t\000I\000n\000f\000o\000.\000h}{chapter.5}% 94
\BOOKMARK [1][-]{section.5.17}{\376\377\0005\000.\0001\0007\000\040\000S\000t\000o\000p\000C\000r\000i\000t\000e\000r\000i\000o\000n\000.\000h}{chapter.5}% 95
\BOOKMARK [0][-]{chapter.6}{\376\377\0006\000\040\000E\000x\000a\000m\000p\000l\000e\000\040\000D\000o\000c\000u\000m\000e\000n\000t\000a\000t\000i\000o\000n}{}% 96
\BOOKMARK [1][-]{section.6.1}{\376\377\0006\000.\0001\000\040\000m\000a\000i\000n\000.\000c\000p\000p}{chapter.6}% 97
\BOOKMARK [0][-]{section*.51}{\376\377\000I\000n\000d\000e\000x}{}% 98
